20241028-20:31:59.114687 : D : 8=FIX.4.4 | 9=121 | 35=D | 34=18 | 49=CLIENT | 52=20241028-15:01:59.000 | 56=MARKET_MAKER | 11=710455 | 38=100 | 40=1 | 54=1 | 55=USD/BRL | 60=20241028-15:01:59 | 10=001 | 
Parsed Content: {'ClOrdID': '710455', 'Symbol': 'USD/BRL'}
--------------------------------------------------------------------------------
20241028-20:33:45.076794 : D : 8=FIX.4.4 | 9=128 | 35=D | 34=20 | 49=CLIENT | 52=20241028-15:03:45.000 | 56=MARKET_MAKER | 11=715995 | 38=100 | 40=2 | 44=1.5 | 54=1 | 55=USD/BRL | 60=20241028-15:03:45 | 10=068 | 
Parsed Content: {'ClOrdID': '715995', 'Symbol': 'USD/BRL'}
--------------------------------------------------------------------------------
20241028-20:41:10.030121 : D : 8=FIX.4.4 | 9=152 | 35=D | 34=24 | 43=Y | 49=CLIENT | 52=20241028-15:11:10.000 | 56=MARKET_MAKER | 122=20241028-15:08:31.000 | 11=660740 | 38=100 | 40=1 | 54=1 | 55=USD/BRL | 60=20241028-15:08:31 | 10=233 | 
Parsed Content: {'ClOrdID': '660740', 'Symbol': 'USD/BRL'}
--------------------------------------------------------------------------------
20241028-20:41:10.038252 : D : 8=FIX.4.4 | 9=159 | 35=D | 34=25 | 43=Y | 49=CLIENT | 52=20241028-15:11:10.000 | 56=MARKET_MAKER | 122=20241028-15:08:47.000 | 11=769522 | 38=100 | 40=2 | 44=1.5 | 54=1 | 55=USD/BRL | 60=20241028-15:08:47 | 10=066 | 
Parsed Content: {'ClOrdID': '769522', 'Symbol': 'USD/BRL'}
--------------------------------------------------------------------------------
20241028-20:41:10.041283 : H : 8=FIX.4.4 | 9=119 | 35=H | 34=26 | 43=Y | 49=CLIENT | 52=20241028-15:11:10.000 | 56=MARKET_MAKER | 122=20241028-15:09:06.000 | 11=769522 | 54=1 | 55=USD/BRL | 10=230 | 
Parsed Content: {'ClOrdID': '769522', 'Symbol': 'USD/BRL'}
--------------------------------------------------------------------------------
20241028-20:41:10.042253 : H : 8=FIX.4.4 | 9=119 | 35=H | 34=27 | 43=Y | 49=CLIENT | 52=20241028-15:11:10.000 | 56=MARKET_MAKER | 122=20241028-15:09:26.000 | 11=769522 | 54=1 | 55=USD/BRL | 10=233 | 
Parsed Content: {'ClOrdID': '769522', 'Symbol': 'USD/BRL'}
--------------------------------------------------------------------------------
20241028-20:41:10.043616 : D : 8=FIX.4.4 | 9=152 | 35=D | 34=28 | 43=Y | 49=CLIENT | 52=20241028-15:11:10.000 | 56=MARKET_MAKER | 122=20241028-15:09:52.000 | 11=654607 | 38=100 | 40=1 | 54=1 | 55=USD/BRL | 60=20241028-15:09:52 | 10=250 | 
Parsed Content: {'ClOrdID': '654607', 'Symbol': 'USD/BRL'}
--------------------------------------------------------------------------------
20241028-20:41:10.044648 : D : 8=FIX.4.4 | 9=152 | 35=D | 34=29 | 43=Y | 49=CLIENT | 52=20241028-15:11:10.000 | 56=MARKET_MAKER | 122=20241028-15:10:24.000 | 11=317699 | 38=100 | 40=1 | 54=1 | 55=USD/BRL | 60=20241028-15:10:24 | 10=240 | 
Parsed Content: {'ClOrdID': '317699', 'Symbol': 'USD/BRL'}
--------------------------------------------------------------------------------
20241028-20:41:10.045616 : D : 8=FIX.4.4 | 9=152 | 35=D | 34=30 | 43=Y | 49=CLIENT | 52=20241028-15:11:10.000 | 56=MARKET_MAKER | 122=20241028-15:10:31.000 | 11=473779 | 38=100 | 40=1 | 54=1 | 55=USD/BRL | 60=20241028-15:10:31 | 10=230 | 
Parsed Content: {'ClOrdID': '473779', 'Symbol': 'USD/BRL'}
--------------------------------------------------------------------------------
20241028-20:41:20.138450 : D : 8=FIX.4.4 | 9=121 | 35=D | 34=32 | 49=CLIENT | 52=20241028-15:11:20.000 | 56=MARKET_MAKER | 11=323715 | 38=100 | 40=1 | 54=1 | 55=USD/BRL | 60=20241028-15:11:20 | 10=230 | 
Parsed Content: {'ClOrdID': '323715', 'Symbol': 'USD/BRL'}
--------------------------------------------------------------------------------
20241028-20:41:38.726513 : D : 8=FIX.4.4 | 9=128 | 35=D | 34=33 | 49=CLIENT | 52=20241028-15:11:38.000 | 56=MARKET_MAKER | 11=170783 | 38=100 | 40=2 | 44=5.5 | 54=2 | 55=USD/BRL | 60=20241028-15:11:38 | 10=069 | 
Parsed Content: {'ClOrdID': '170783', 'Symbol': 'USD/BRL'}
--------------------------------------------------------------------------------
20241028-20:46:08.038456 : D : 8=FIX.4.4 | 9=121 | 35=D | 34=36 | 49=CLIENT | 52=20241028-15:16:08.000 | 56=MARKET_MAKER | 11=412835 | 38=100 | 40=1 | 54=1 | 55=USD/BRL | 60=20241028-15:16:08 | 10=002 | 
Parsed Content: {'ClOrdID': '412835', 'Symbol': 'USD/BRL'}
--------------------------------------------------------------------------------
20241029-21:39:48.997829 : V : 8=FIX.4.4 | 9=127 | 35=V | 34=121 | 49=CLIENT | 52=20241029-16:09:48.000 | 56=MARKET_MAKER | 146=1 | 55=USD/BRL | 262=627217 | 263=1 | 264=0 | 265=0 | 267=2 | 269=0 | 269=1 | 10=236 | 
--------------------------------------------------------------------------------
20241029-21:46:40.634944 : V : 8=FIX.4.4 | 9=127 | 35=V | 34=128 | 49=CLIENT | 52=20241029-16:16:40.000 | 56=MARKET_MAKER | 146=1 | 55=USD/BRL | 262=340704 | 263=1 | 264=0 | 265=0 | 267=2 | 269=0 | 269=1 | 10=226 | 
--------------------------------------------------------------------------------
20241029-21:48:49.182474 : V : 8=FIX.4.4 | 9=127 | 35=V | 34=132 | 49=CLIENT | 52=20241029-16:18:49.000 | 56=MARKET_MAKER | 146=1 | 55=USD/BRL | 262=272186 | 263=1 | 264=0 | 265=0 | 267=2 | 269=0 | 269=1 | 10=240 | 
--------------------------------------------------------------------------------
