20241028-20:31:59.117472 : 8 : 8=FIX.4.4 | 9=144 | 35=8 | 34=21 | 49=MARKET_MAKER | 52=20241028-15:01:59.000 | 56=CLIENT | 6=0 | 11=710455 | 14=0 | 17=2772 | 37=3551 | 38=100 | 39=0 | 40=1 | 54=1 | 55=USD/BRL | 150=0 | 151=100 | 10=144 | 
Parsed Content: {'ClOrdID': '710455', 'OrderID': '3551', 'Symbol': 'USD/BRL', 'ExecType': '0'}
--------------------------------------------------------------------------------
20241028-20:33:45.081383 : 8 : 8=FIX.4.4 | 9=151 | 35=8 | 34=23 | 49=MARKET_MAKER | 52=20241028-15:03:45.000 | 56=CLIENT | 6=0 | 11=715995 | 14=0 | 17=8160 | 37=1366 | 38=100 | 39=0 | 40=2 | 44=1.5 | 54=1 | 55=USD/BRL | 150=0 | 151=100 | 10=213 | 
Parsed Content: {'ClOrdID': '715995', 'OrderID': '1366', 'Symbol': 'USD/BRL', 'ExecType': '0'}
--------------------------------------------------------------------------------
20241028-20:41:10.037252 : 8 : 8=FIX.4.4 | 9=144 | 35=8 | 34=29 | 49=MARKET_MAKER | 52=20241028-15:11:10.000 | 56=CLIENT | 6=0 | 11=660740 | 14=0 | 17=6577 | 37=4620 | 38=100 | 39=0 | 40=1 | 54=1 | 55=USD/BRL | 150=0 | 151=100 | 10=146 | 
Parsed Content: {'ClOrdID': '660740', 'OrderID': '4620', 'Symbol': 'USD/BRL', 'ExecType': '0'}
--------------------------------------------------------------------------------
20241028-20:41:10.039253 : 8 : 8=FIX.4.4 | 9=151 | 35=8 | 34=30 | 49=MARKET_MAKER | 52=20241028-15:11:10.000 | 56=CLIENT | 6=0 | 11=769522 | 14=0 | 17=5717 | 37=5726 | 38=100 | 39=0 | 40=2 | 44=1.5 | 54=1 | 55=USD/BRL | 150=0 | 151=100 | 10=206 | 
Parsed Content: {'ClOrdID': '769522', 'OrderID': '5726', 'Symbol': 'USD/BRL', 'ExecType': '0'}
--------------------------------------------------------------------------------
20241028-20:41:10.042253 : 8 : 8=FIX.4.4 | 9=139 | 35=8 | 34=31 | 49=MARKET_MAKER | 52=20241028-15:11:10.000 | 56=CLIENT | 6=0 | 11=769522 | 14=0 | 17=3790 | 37=5726 | 38=100 | 39=0 | 54=1 | 55=USD/BRL | 150=I | 151=100 | 10=223 | 
Parsed Content: {'ClOrdID': '769522', 'OrderID': '5726', 'Symbol': 'USD/BRL', 'ExecType': 'I'}
--------------------------------------------------------------------------------
20241028-20:41:10.042253 : 8 : 8=FIX.4.4 | 9=139 | 35=8 | 34=32 | 49=MARKET_MAKER | 52=20241028-15:11:10.000 | 56=CLIENT | 6=0 | 11=769522 | 14=0 | 17=5104 | 37=5726 | 38=100 | 39=0 | 54=1 | 55=USD/BRL | 150=I | 151=100 | 10=215 | 
Parsed Content: {'ClOrdID': '769522', 'OrderID': '5726', 'Symbol': 'USD/BRL', 'ExecType': 'I'}
--------------------------------------------------------------------------------
20241028-20:41:10.044648 : 8 : 8=FIX.4.4 | 9=144 | 35=8 | 34=33 | 49=MARKET_MAKER | 52=20241028-15:11:10.000 | 56=CLIENT | 6=0 | 11=654607 | 14=0 | 17=9600 | 37=8474 | 38=100 | 39=0 | 40=1 | 54=1 | 55=USD/BRL | 150=0 | 151=100 | 10=147 | 
Parsed Content: {'ClOrdID': '654607', 'OrderID': '8474', 'Symbol': 'USD/BRL', 'ExecType': '0'}
--------------------------------------------------------------------------------
20241028-20:41:10.045616 : 8 : 8=FIX.4.4 | 9=144 | 35=8 | 34=34 | 49=MARKET_MAKER | 52=20241028-15:11:10.000 | 56=CLIENT | 6=0 | 11=317699 | 14=0 | 17=9221 | 37=1260 | 38=100 | 39=0 | 40=1 | 54=1 | 55=USD/BRL | 150=0 | 151=100 | 10=140 | 
Parsed Content: {'ClOrdID': '317699', 'OrderID': '1260', 'Symbol': 'USD/BRL', 'ExecType': '0'}
--------------------------------------------------------------------------------
20241028-20:41:10.046615 : 8 : 8=FIX.4.4 | 9=144 | 35=8 | 34=35 | 49=MARKET_MAKER | 52=20241028-15:11:10.000 | 56=CLIENT | 6=0 | 11=473779 | 14=0 | 17=6703 | 37=8659 | 38=100 | 39=0 | 40=1 | 54=1 | 55=USD/BRL | 150=0 | 151=100 | 10=164 | 
Parsed Content: {'ClOrdID': '473779', 'OrderID': '8659', 'Symbol': 'USD/BRL', 'ExecType': '0'}
--------------------------------------------------------------------------------
20241028-20:41:20.141450 : 8 : 8=FIX.4.4 | 9=144 | 35=8 | 34=36 | 49=MARKET_MAKER | 52=20241028-15:11:20.000 | 56=CLIENT | 6=0 | 11=323715 | 14=0 | 17=3974 | 37=8155 | 38=100 | 39=0 | 40=1 | 54=1 | 55=USD/BRL | 150=0 | 151=100 | 10=148 | 
Parsed Content: {'ClOrdID': '323715', 'OrderID': '8155', 'Symbol': 'USD/BRL', 'ExecType': '0'}
--------------------------------------------------------------------------------
20241028-20:41:38.729514 : 8 : 8=FIX.4.4 | 9=151 | 35=8 | 34=37 | 49=MARKET_MAKER | 52=20241028-15:11:38.000 | 56=CLIENT | 6=0 | 11=170783 | 14=0 | 17=1965 | 37=9313 | 38=100 | 39=0 | 40=2 | 44=5.5 | 54=2 | 55=USD/BRL | 150=0 | 151=100 | 10=220 | 
Parsed Content: {'ClOrdID': '170783', 'OrderID': '9313', 'Symbol': 'USD/BRL', 'ExecType': '0'}
--------------------------------------------------------------------------------
20241028-20:46:08.045696 : 8 : 8=FIX.4.4 | 9=144 | 35=8 | 34=40 | 49=MARKET_MAKER | 52=20241028-15:16:08.000 | 56=CLIENT | 6=0 | 11=412835 | 14=0 | 17=9764 | 37=7197 | 38=100 | 39=0 | 40=1 | 54=1 | 55=USD/BRL | 150=0 | 151=100 | 10=164 | 
Parsed Content: {'ClOrdID': '412835', 'OrderID': '7197', 'Symbol': 'USD/BRL', 'ExecType': '0'}
--------------------------------------------------------------------------------
20241029-21:39:49.001384 : W : 8=FIX.4.4 | 9=161 | 35=W | 34=121 | 49=MARKET_MAKER | 52=20241029-16:09:49.000 | 56=CLIENT | 55=USD/BRL | 262=627217 | 268=2 | 269=0 | 270=4.53279983970179 | 271=100 | 269=1 | 270=4.55279983970179 | 271=100 | 10=232 | 
Parsed Content: {'Symbol': 'USD/BRL', 'MDReqID': '627217'}
--------------------------------------------------------------------------------
20241029-21:46:40.639548 : W : 8=FIX.4.4 | 9=161 | 35=W | 34=128 | 49=MARKET_MAKER | 52=20241029-16:16:40.000 | 56=CLIENT | 55=USD/BRL | 262=340704 | 268=2 | 269=0 | 270=5.30102605947167 | 271=100 | 269=1 | 270=5.32102605947167 | 271=100 | 10=167 | 
Parsed Content: {'Symbol': 'USD/BRL', 'MDReqID': '340704'}
--------------------------------------------------------------------------------
20241029-21:48:49.184510 : W : 8=FIX.4.4 | 9=161 | 35=W | 34=132 | 49=MARKET_MAKER | 52=20241029-16:18:49.000 | 56=CLIENT | 55=USD/BRL | 262=272186 | 268=2 | 269=0 | 270=5.32091784262419 | 271=100 | 269=1 | 270=5.34091784262419 | 271=100 | 10=195 | 
Parsed Content: {'Symbol': 'USD/BRL', 'MDReqID': '272186'}
--------------------------------------------------------------------------------
20241029-21:53:50.663903 : W : 8=FIX.4.4 | 9=161 | 35=W | 34=138 | 49=MARKET_MAKER | 52=20241029-16:23:50.000 | 56=CLIENT | 55=USD/BRL | 262=265357 | 268=2 | 269=0 | 270=4.65681831826845 | 271=100 | 269=1 | 270=4.67681831826845 | 271=100 | 10=215 | 
Parsed Content: {'Symbol': 'USD/BRL', 'MDReqID': '265357'}
--------------------------------------------------------------------------------
20241029-21:56:47.093662 : W : 8=FIX.4.4 | 9=161 | 35=W | 34=142 | 49=MARKET_MAKER | 52=20241029-16:26:47.000 | 56=CLIENT | 55=USD/BRL | 262=742415 | 268=2 | 269=0 | 270=4.88756327262811 | 271=100 | 269=1 | 270=4.90756327262811 | 271=100 | 10=195 | 
Parsed Content: {'Symbol': 'USD/BRL', 'MDReqID': '742415'}
--------------------------------------------------------------------------------
20241029-21:59:15.468804 : 8 : 8=FIX.4.4 | 9=145 | 35=8 | 34=144 | 49=MARKET_MAKER | 52=20241029-16:29:15.000 | 56=CLIENT | 6=0 | 11=204711 | 14=0 | 17=9439 | 37=6177 | 38=100 | 39=0 | 40=1 | 54=1 | 55=USD/BRL | 150=0 | 151=100 | 10=210 | 
Parsed Content: {'ClOrdID': '204711', 'OrderID': '6177', 'Symbol': 'USD/BRL', 'ExecType': '0'}
--------------------------------------------------------------------------------
20241029-22:01:06.859288 : W : 8=FIX.4.4 | 9=161 | 35=W | 34=148 | 49=MARKET_MAKER | 52=20241029-16:31:06.000 | 56=CLIENT | 55=USD/BRL | 262=390895 | 268=2 | 269=0 | 270=4.64403321263708 | 271=100 | 269=1 | 270=4.66403321263708 | 271=100 | 10=178 | 
Parsed Content: {'Symbol': 'USD/BRL', 'MDReqID': '390895'}
--------------------------------------------------------------------------------
20241029-22:12:08.717884 : W : 8=FIX.4.4 | 9=161 | 35=W | 34=160 | 49=MARKET_MAKER | 52=20241029-16:42:08.000 | 56=CLIENT | 55=USD/BRL | 262=358910 | 268=2 | 269=0 | 270=4.91466356970276 | 271=100 | 269=1 | 270=4.93466356970276 | 271=100 | 10=212 | 
Parsed Content: {'Symbol': 'USD/BRL', 'MDReqID': '358910'}
--------------------------------------------------------------------------------
20241029-22:12:11.983346 : W : 8=FIX.4.4 | 9=161 | 35=W | 34=161 | 49=MARKET_MAKER | 52=20241029-16:42:11.000 | 56=CLIENT | 55=USD/BRL | 262=320275 | 268=2 | 269=0 | 270=4.91466356970276 | 271=100 | 269=1 | 270=4.93466356970276 | 271=100 | 10=200 | 
Parsed Content: {'Symbol': 'USD/BRL', 'MDReqID': '320275'}
--------------------------------------------------------------------------------
20241029-22:12:15.461881 : W : 8=FIX.4.4 | 9=161 | 35=W | 34=162 | 49=MARKET_MAKER | 52=20241029-16:42:15.000 | 56=CLIENT | 55=USD/BRL | 262=161460 | 268=2 | 269=0 | 270=4.91466356970276 | 271=100 | 269=1 | 270=4.93466356970276 | 271=100 | 10=204 | 
Parsed Content: {'Symbol': 'USD/BRL', 'MDReqID': '161460'}
--------------------------------------------------------------------------------
20241029-22:12:30.988922 : W : 8=FIX.4.4 | 9=161 | 35=W | 34=163 | 49=MARKET_MAKER | 52=20241029-16:42:30.000 | 56=CLIENT | 55=USD/BRL | 262=163822 | 268=2 | 269=0 | 270=4.91466356970276 | 271=100 | 269=1 | 270=4.93466356970276 | 271=100 | 10=206 | 
Parsed Content: {'Symbol': 'USD/BRL', 'MDReqID': '163822'}
--------------------------------------------------------------------------------
20241029-22:12:43.639168 : 8 : 8=FIX.4.4 | 9=145 | 35=8 | 34=164 | 49=MARKET_MAKER | 52=20241029-16:42:43.000 | 56=CLIENT | 6=0 | 11=818807 | 14=0 | 17=5507 | 37=6416 | 38=100 | 39=0 | 40=1 | 54=1 | 55=USD/BRL | 150=0 | 151=100 | 10=213 | 
Parsed Content: {'ClOrdID': '818807', 'OrderID': '6416', 'Symbol': 'USD/BRL', 'ExecType': '0'}
--------------------------------------------------------------------------------
20241029-22:12:46.454777 : W : 8=FIX.4.4 | 9=161 | 35=W | 34=165 | 49=MARKET_MAKER | 52=20241029-16:42:46.000 | 56=CLIENT | 55=USD/BRL | 262=813258 | 268=2 | 269=0 | 270=4.91466356970276 | 271=100 | 269=1 | 270=4.93466356970276 | 271=100 | 10=220 | 
Parsed Content: {'Symbol': 'USD/BRL', 'MDReqID': '813258'}
--------------------------------------------------------------------------------
20241029-22:13:03.551932 : W : 8=FIX.4.4 | 9=161 | 35=W | 34=166 | 49=MARKET_MAKER | 52=20241029-16:43:03.000 | 56=CLIENT | 55=USD/BRL | 262=809453 | 268=2 | 269=0 | 270=4.91466356970276 | 271=100 | 269=1 | 270=4.93466356970276 | 271=100 | 10=217 | 
Parsed Content: {'Symbol': 'USD/BRL', 'MDReqID': '809453'}
--------------------------------------------------------------------------------
20241029-22:13:46.284066 : W : 8=FIX.4.4 | 9=161 | 35=W | 34=169 | 49=MARKET_MAKER | 52=20241029-16:43:46.000 | 56=CLIENT | 55=USD/BRL | 262=161869 | 268=2 | 269=0 | 270=5.22831685767825 | 271=100 | 269=1 | 270=5.24831685767825 | 271=100 | 10=229 | 
Parsed Content: {'Symbol': 'USD/BRL', 'MDReqID': '161869'}
--------------------------------------------------------------------------------
20241029-22:14:09.621978 : 8 : 8=FIX.4.4 | 9=145 | 35=8 | 34=170 | 49=MARKET_MAKER | 52=20241029-16:44:09.000 | 56=CLIENT | 6=0 | 11=286112 | 14=0 | 17=8963 | 37=8482 | 38=100 | 39=0 | 40=1 | 54=1 | 55=USD/BRL | 150=0 | 151=100 | 10=216 | 
Parsed Content: {'ClOrdID': '286112', 'OrderID': '8482', 'Symbol': 'USD/BRL', 'ExecType': '0'}
--------------------------------------------------------------------------------
