20241028-20:31:59.119761 : 8 : 8=FIX.4.4 | 9=144 | 35=8 | 34=21 | 49=MARKET_MAKER | 52=20241028-15:01:59.000 | 56=CLIENT | 6=0 | 11=710455 | 14=0 | 17=2772 | 37=3551 | 38=100 | 39=0 | 40=1 | 54=1 | 55=USD/BRL | 150=0 | 151=100 | 10=144 | 
Parsed Content: {'ClOrdID': '710455', 'OrderID': '3551', 'Symbol': 'USD/BRL', 'ExecType': '0'}
--------------------------------------------------------------------------------
20241028-20:33:45.091855 : 8 : 8=FIX.4.4 | 9=151 | 35=8 | 34=23 | 49=MARKET_MAKER | 52=20241028-15:03:45.000 | 56=CLIENT | 6=0 | 11=715995 | 14=0 | 17=8160 | 37=1366 | 38=100 | 39=0 | 40=2 | 44=1.5 | 54=1 | 55=USD/BRL | 150=0 | 151=100 | 10=213 | 
Parsed Content: {'ClOrdID': '715995', 'OrderID': '1366', 'Symbol': 'USD/BRL', 'ExecType': '0'}
--------------------------------------------------------------------------------
20241028-20:41:10.039253 : 8 : 8=FIX.4.4 | 9=144 | 35=8 | 34=29 | 49=MARKET_MAKER | 52=20241028-15:11:10.000 | 56=CLIENT | 6=0 | 11=660740 | 14=0 | 17=6577 | 37=4620 | 38=100 | 39=0 | 40=1 | 54=1 | 55=USD/BRL | 150=0 | 151=100 | 10=146 | 
Parsed Content: {'ClOrdID': '660740', 'OrderID': '4620', 'Symbol': 'USD/BRL', 'ExecType': '0'}
--------------------------------------------------------------------------------
20241028-20:41:10.041283 : 8 : 8=FIX.4.4 | 9=151 | 35=8 | 34=30 | 49=MARKET_MAKER | 52=20241028-15:11:10.000 | 56=CLIENT | 6=0 | 11=769522 | 14=0 | 17=5717 | 37=5726 | 38=100 | 39=0 | 40=2 | 44=1.5 | 54=1 | 55=USD/BRL | 150=0 | 151=100 | 10=206 | 
Parsed Content: {'ClOrdID': '769522', 'OrderID': '5726', 'Symbol': 'USD/BRL', 'ExecType': '0'}
--------------------------------------------------------------------------------
20241028-20:41:10.042253 : 8 : 8=FIX.4.4 | 9=139 | 35=8 | 34=31 | 49=MARKET_MAKER | 52=20241028-15:11:10.000 | 56=CLIENT | 6=0 | 11=769522 | 14=0 | 17=3790 | 37=5726 | 38=100 | 39=0 | 54=1 | 55=USD/BRL | 150=I | 151=100 | 10=223 | 
Parsed Content: {'ClOrdID': '769522', 'OrderID': '5726', 'Symbol': 'USD/BRL', 'ExecType': 'I'}
--------------------------------------------------------------------------------
20241028-20:41:10.043616 : 8 : 8=FIX.4.4 | 9=139 | 35=8 | 34=32 | 49=MARKET_MAKER | 52=20241028-15:11:10.000 | 56=CLIENT | 6=0 | 11=769522 | 14=0 | 17=5104 | 37=5726 | 38=100 | 39=0 | 54=1 | 55=USD/BRL | 150=I | 151=100 | 10=215 | 
Parsed Content: {'ClOrdID': '769522', 'OrderID': '5726', 'Symbol': 'USD/BRL', 'ExecType': 'I'}
--------------------------------------------------------------------------------
20241028-20:41:10.045616 : 8 : 8=FIX.4.4 | 9=144 | 35=8 | 34=33 | 49=MARKET_MAKER | 52=20241028-15:11:10.000 | 56=CLIENT | 6=0 | 11=654607 | 14=0 | 17=9600 | 37=8474 | 38=100 | 39=0 | 40=1 | 54=1 | 55=USD/BRL | 150=0 | 151=100 | 10=147 | 
Parsed Content: {'ClOrdID': '654607', 'OrderID': '8474', 'Symbol': 'USD/BRL', 'ExecType': '0'}
--------------------------------------------------------------------------------
20241028-20:41:10.046615 : 8 : 8=FIX.4.4 | 9=144 | 35=8 | 34=34 | 49=MARKET_MAKER | 52=20241028-15:11:10.000 | 56=CLIENT | 6=0 | 11=317699 | 14=0 | 17=9221 | 37=1260 | 38=100 | 39=0 | 40=1 | 54=1 | 55=USD/BRL | 150=0 | 151=100 | 10=140 | 
Parsed Content: {'ClOrdID': '317699', 'OrderID': '1260', 'Symbol': 'USD/BRL', 'ExecType': '0'}
--------------------------------------------------------------------------------
20241028-20:41:10.046615 : 8 : 8=FIX.4.4 | 9=144 | 35=8 | 34=35 | 49=MARKET_MAKER | 52=20241028-15:11:10.000 | 56=CLIENT | 6=0 | 11=473779 | 14=0 | 17=6703 | 37=8659 | 38=100 | 39=0 | 40=1 | 54=1 | 55=USD/BRL | 150=0 | 151=100 | 10=164 | 
Parsed Content: {'ClOrdID': '473779', 'OrderID': '8659', 'Symbol': 'USD/BRL', 'ExecType': '0'}
--------------------------------------------------------------------------------
20241028-20:41:20.144882 : 8 : 8=FIX.4.4 | 9=144 | 35=8 | 34=36 | 49=MARKET_MAKER | 52=20241028-15:11:20.000 | 56=CLIENT | 6=0 | 11=323715 | 14=0 | 17=3974 | 37=8155 | 38=100 | 39=0 | 40=1 | 54=1 | 55=USD/BRL | 150=0 | 151=100 | 10=148 | 
Parsed Content: {'ClOrdID': '323715', 'OrderID': '8155', 'Symbol': 'USD/BRL', 'ExecType': '0'}
--------------------------------------------------------------------------------
20241028-20:41:38.731512 : 8 : 8=FIX.4.4 | 9=151 | 35=8 | 34=37 | 49=MARKET_MAKER | 52=20241028-15:11:38.000 | 56=CLIENT | 6=0 | 11=170783 | 14=0 | 17=1965 | 37=9313 | 38=100 | 39=0 | 40=2 | 44=5.5 | 54=2 | 55=USD/BRL | 150=0 | 151=100 | 10=220 | 
Parsed Content: {'ClOrdID': '170783', 'OrderID': '9313', 'Symbol': 'USD/BRL', 'ExecType': '0'}
--------------------------------------------------------------------------------
20241028-20:46:08.049712 : 8 : 8=FIX.4.4 | 9=144 | 35=8 | 34=40 | 49=MARKET_MAKER | 52=20241028-15:16:08.000 | 56=CLIENT | 6=0 | 11=412835 | 14=0 | 17=9764 | 37=7197 | 38=100 | 39=0 | 40=1 | 54=1 | 55=USD/BRL | 150=0 | 151=100 | 10=164 | 
Parsed Content: {'ClOrdID': '412835', 'OrderID': '7197', 'Symbol': 'USD/BRL', 'ExecType': '0'}
--------------------------------------------------------------------------------
20241028-20:50:54.814405 : 8 : 8=FIX.4.4 | 9=144 | 35=8 | 34=44 | 49=MARKET_MAKER | 52=20241028-15:20:54.000 | 56=CLIENT | 6=0 | 11=575899 | 14=0 | 17=1785 | 37=3815 | 38=100 | 39=0 | 40=1 | 54=1 | 55=USD/BRL | 150=0 | 151=100 | 10=172 | 
Parsed Content: {'ClOrdID': '575899', 'OrderID': '3815', 'Symbol': 'USD/BRL', 'ExecType': '0'}
--------------------------------------------------------------------------------
20241029-10:57:43.699129 : 8 : 8=FIX.4.4 | 9=143 | 35=8 | 34=2 | 49=MARKET_MAKER | 52=20241029-05:27:43.000 | 56=CLIENT | 6=0 | 11=602043 | 14=0 | 17=1702 | 37=7271 | 38=100 | 39=0 | 40=1 | 54=1 | 55=USD/BRL | 150=0 | 151=100 | 10=083 | 
Parsed Content: {'ClOrdID': '602043', 'OrderID': '7271', 'Symbol': 'USD/BRL', 'ExecType': '0'}
--------------------------------------------------------------------------------
20241029-19:52:57.282794 : 8 : 8=FIX.4.4 | 9=143 | 35=8 | 34=8 | 49=MARKET_MAKER | 52=20241029-14:22:57.000 | 56=CLIENT | 6=0 | 11=919099 | 14=0 | 17=3763 | 37=4419 | 38=100 | 39=0 | 40=1 | 54=1 | 55=USD/BRL | 150=0 | 151=100 | 10=121 | 
Parsed Content: {'ClOrdID': '919099', 'OrderID': '4419', 'Symbol': 'USD/BRL', 'ExecType': '0'}
--------------------------------------------------------------------------------
20241029-19:56:38.719332 : 8 : 8=FIX.4.4 | 9=144 | 35=8 | 34=13 | 49=MARKET_MAKER | 52=20241029-14:26:38.000 | 56=CLIENT | 6=0 | 11=712349 | 14=0 | 17=7451 | 37=3212 | 38=100 | 39=0 | 40=1 | 54=1 | 55=USD/BRL | 150=0 | 151=100 | 10=146 | 
Parsed Content: {'ClOrdID': '712349', 'OrderID': '3212', 'Symbol': 'USD/BRL', 'ExecType': '0'}
--------------------------------------------------------------------------------
20241029-20:00:57.564117 : 8 : 8=FIX.4.4 | 9=144 | 35=8 | 34=21 | 49=MARKET_MAKER | 52=20241029-14:30:57.000 | 56=CLIENT | 6=0 | 11=248505 | 14=0 | 17=4384 | 37=1346 | 38=100 | 39=0 | 40=1 | 54=1 | 55=USD/BRL | 150=0 | 151=100 | 10=147 | 
Parsed Content: {'ClOrdID': '248505', 'OrderID': '1346', 'Symbol': 'USD/BRL', 'ExecType': '0'}
--------------------------------------------------------------------------------
20241029-20:03:53.196546 : 8 : 8=FIX.4.4 | 9=144 | 35=8 | 34=25 | 49=MARKET_MAKER | 52=20241029-14:33:53.000 | 56=CLIENT | 6=0 | 11=290442 | 14=0 | 17=4489 | 37=1701 | 38=100 | 39=0 | 40=1 | 54=1 | 55=USD/BRL | 150=0 | 151=100 | 10=148 | 
Parsed Content: {'ClOrdID': '290442', 'OrderID': '1701', 'Symbol': 'USD/BRL', 'ExecType': '0'}
--------------------------------------------------------------------------------
20241029-20:04:08.177394 : 8 : 8=FIX.4.4 | 9=156 | 35=8 | 34=26 | 49=MARKET_MAKER | 52=20241029-14:34:08.000 | 56=CLIENT | 6=0 | 11=354785 | 14=0 | 17=1665 | 37=1887 | 38=100 | 39=0 | 40=4 | 44=1 | 54=1 | 55=USD/BRL | 99=1.5 | 150=0 | 151=100 | 10=202 | 
Parsed Content: {'ClOrdID': '354785', 'OrderID': '1887', 'Symbol': 'USD/BRL', 'ExecType': '0'}
--------------------------------------------------------------------------------
