20241028-20:31:59.112438 : D : 8=FIX.4.4 | 9=121 | 35=D | 34=18 | 49=CLIENT | 52=20241028-15:01:59.000 | 56=MARKET_MAKER | 11=710455 | 38=100 | 40=1 | 54=1 | 55=USD/BRL | 60=20241028-15:01:59 | 10=001 | 
Parsed Content: {'ClOrdID': '710455', 'Symbol': 'USD/BRL'}
--------------------------------------------------------------------------------
20241028-20:33:45.072547 : D : 8=FIX.4.4 | 9=128 | 35=D | 34=20 | 49=CLIENT | 52=20241028-15:03:45.000 | 56=MARKET_MAKER | 11=715995 | 38=100 | 40=2 | 44=1.5 | 54=1 | 55=USD/BRL | 60=20241028-15:03:45 | 10=068 | 
Parsed Content: {'ClOrdID': '715995', 'Symbol': 'USD/BRL'}
--------------------------------------------------------------------------------
20241028-20:38:31.024525 : D : 8=FIX.4.4 | 9=121 | 35=D | 34=24 | 49=CLIENT | 52=20241028-15:08:31.000 | 56=MARKET_MAKER | 11=660740 | 38=100 | 40=1 | 54=1 | 55=USD/BRL | 60=20241028-15:08:31 | 10=249 | 
Parsed Content: {'ClOrdID': '660740', 'Symbol': 'USD/BRL'}
--------------------------------------------------------------------------------
20241028-20:38:47.734080 : D : 8=FIX.4.4 | 9=128 | 35=D | 34=25 | 49=CLIENT | 52=20241028-15:08:47.000 | 56=MARKET_MAKER | 11=769522 | 38=100 | 40=2 | 44=1.5 | 54=1 | 55=USD/BRL | 60=20241028-15:08:47 | 10=082 | 
Parsed Content: {'ClOrdID': '769522', 'Symbol': 'USD/BRL'}
--------------------------------------------------------------------------------
20241029-10:57:43.685996 : D : 8=FIX.4.4 | 9=120 | 35=D | 34=2 | 49=CLIENT | 52=20241029-05:27:43.000 | 56=MARKET_MAKER | 11=602043 | 38=100 | 40=1 | 54=1 | 55=USD/BRL | 60=20241029-05:27:43 | 10=196 | 
Parsed Content: {'ClOrdID': '602043', 'Symbol': 'USD/BRL'}
--------------------------------------------------------------------------------
20241029-19:52:57.263079 : D : 8=FIX.4.4 | 9=120 | 35=D | 34=8 | 49=CLIENT | 52=20241029-14:22:57.000 | 56=MARKET_MAKER | 11=919099 | 38=100 | 40=1 | 54=1 | 55=USD/BRL | 60=20241029-14:22:57 | 10=224 | 
Parsed Content: {'ClOrdID': '919099', 'Symbol': 'USD/BRL'}
--------------------------------------------------------------------------------
20241029-19:56:38.703367 : D : 8=FIX.4.4 | 9=121 | 35=D | 34=13 | 49=CLIENT | 52=20241029-14:26:38.000 | 56=MARKET_MAKER | 11=712349 | 38=100 | 40=1 | 54=1 | 55=USD/BRL | 60=20241029-14:26:38 | 10=008 | 
Parsed Content: {'ClOrdID': '712349', 'Symbol': 'USD/BRL'}
--------------------------------------------------------------------------------
20241029-20:00:57.549567 : D : 8=FIX.4.4 | 9=121 | 35=D | 34=21 | 49=CLIENT | 52=20241029-14:30:57.000 | 56=MARKET_MAKER | 11=248505 | 38=100 | 40=1 | 54=1 | 55=USD/BRL | 60=20241029-14:30:57 | 10=253 | 
Parsed Content: {'ClOrdID': '248505', 'Symbol': 'USD/BRL'}
--------------------------------------------------------------------------------
20241029-20:03:53.189044 : D : 8=FIX.4.4 | 9=121 | 35=D | 34=25 | 49=CLIENT | 52=20241029-14:33:53.000 | 56=MARKET_MAKER | 11=290442 | 38=100 | 40=1 | 54=1 | 55=USD/BRL | 60=20241029-14:33:53 | 10=252 | 
Parsed Content: {'ClOrdID': '290442', 'Symbol': 'USD/BRL'}
--------------------------------------------------------------------------------
20241029-20:04:08.168420 : D : 8=FIX.4.4 | 9=133 | 35=D | 34=26 | 49=CLIENT | 52=20241029-14:34:08.000 | 56=MARKET_MAKER | 11=354785 | 38=100 | 40=4 | 44=1 | 54=1 | 55=USD/BRL | 60=20241029-14:34:08 | 99=1.5 | 10=043 | 
Parsed Content: {'ClOrdID': '354785', 'Symbol': 'USD/BRL'}
--------------------------------------------------------------------------------
